A166 MACRO ASSEMBLER  VORLAGE                                                             05/29/2017 15:56:33 PAGE     1


MACRO ASSEMBLER A166 V5.38.0.1
OBJECT MODULE PLACED IN vorlage.OBJ
ASSEMBLER INVOKED BY: C:\Keil_v5\C166\BIN\A166.EXE vorlage.a66 MODV2 SEGMENTED MODV2 SET(SMALL) DEBUG NOSYMBOLS EP

LOC      OBJ             LINE     SOURCE

                            1     ;$NONSEGMENTED              ; Nur Tiny Model möglich
                            2     $MODV2                 ; Code fuer 161/163/164/165/167
                          598     $LIST
                          599     ;
                          600     ;       TITLE <Mein Text>
                          601     ;
                          602     ;       Prozessor Definitionen
                          603     ;
                          604     ;------------------------------------------------------------
                          605     ; Hier folgen Ihre Konstanten Definitionen
                          606     ;
 0000                     607     Ora             EQU     0       ;Portbit für Ora
                          608     
--------                  609     Datenspeicher   SECTION Data
                          610     ;------------------------------------------------------------
                          611     ; Hier folgen Ihre Speicher Vereinbarungen
                          612     ;
00000000 0C               613     Mein_Speicher           DB      12      ;Byte Initialisiert
00000002 4100             614     Mein_Speicher1          DW      65      ;Word Initialisiert
00000004 67120000         615     Mein_Speicher2          DD      4711
00000008 41534349         616     Mein_Text               DB      'ASCII Text'
0000000C 49205465                 
00000010 7874             616     
00000012 3075             617     op1                                             DW              30000
00000014 8813             618     op2                                             DW              5000
00000016 409C             619     op3                                             DW              40000
00000018 8713             620     op4                                             DW              4999
0000001A D08A             621     op5                                             DW              -30000
0000001C C0D4             622     MyVar32_1                               DW              (120000 and 0xFFFF)     ; unte
                                  re 16 Bit
0000001E 0100             623                                                     DW              (120000 shr 16)       
                                    ; ober 16 Bit
00000020 F824             624     MyVar32_2                               DW              (75000 and 0xFFFF)
00000022 0100             625                                                     DW              (75000 shr 16)
                          626     
                          627     
--------                  628     Datenspeicher   ENDS
                          629     ;
                          630     ;
--------                  631     Programme       Section Code
                          632     ASSUME  DPP3:SYSTEM
                          633     ASSUME  DPP0:Datenspeicher
                          634     ;------------------------------------------------------------
                          635     ; Hier stehen Ihre Unterprogramme
                          636     ;
                          637     ;
                          638     ;PInit  Initialisiert den Port Px
                          639     ;=====
                          640     ;       I: nix
                          641     ;       O: nix
                          642     ;       Z: Register, die zerstört werden.
                          643     ;
                          644     MyUp1   PROC NEAR
                          645     
00000000 CB00             646             Ret
                          647     MyUp1   EndP;
                          648     
                          649     
A166 MACRO ASSEMBLER  VORLAGE                                                             05/29/2017 15:56:33 PAGE     2

                          650     add32 PROC
00000002 ECF0             651             push r0
00000004 ECF1             652             push r1
00000006 9820             653             mov r2,[r0+]
00000008 082D             654             add r2,[r1+]
                          655     
0000000A A830             656             mov r3,[r0]
0000000C 1839             657             addc r3,[r1]
0000000E FCF1             658             pop r1
00000010 FCF0             659             pop r0
00000012 CB00             660             ret
                          661     add32 EndP;
                          662     
                          663     
                          664     
                          665     sub32 PROC
00000014 ECF0             666             push r0
00000016 ECF1             667             push r1
00000018 9820             668             mov r2,[r0+]
0000001A 282D             669             sub r2,[r1+]
                          670     
0000001C A830             671             mov r3,[r0]
0000001E 3839             672             subc r3,[r1]
00000020 FCF1             673             pop r1
00000022 FCF0             674             pop r0
00000024 CB00             675             ret
                          676     sub32 EndP;
                          677     
                          678     ;------------------------------------------------------------
                          679     ; Hier startet das Hauptprogramm
                          680     ;
                          681     A_RESET PROC TASK STARTUP INTNO RESET = 0
00000026 F2F00CFF         682             mov     r0,BUSCON0
0000002A 66F000FF         683             and     r0,#0xFF00
0000002E F6F00CFF         684             mov     BUSCON0,r0
00000032 E600???? R       685             mov     dpp0,#PAG Datenspeicher         ;Page von Datenspeicher => DPP0
00000036 E60E0300         686             mov     KSCCFG,#0x0003;                 ;Module Enable
0000003A F2F01CFE         687             mov     R0,KSCCFG                       ;wieder ruecklesen
0000003E 0D00             688             JMP     Main    
                          689     A_RESET EndP
                          690     
                          691     MAIN    Proc
                          692     ;------------------------------------------------------------
                          693     ;Hier geht Ihr Hauptprogramm los
                          694     ;
00000040 F2F1???? R       695             mov r1,op1
00000044 F2F2???? R       696             mov r2,op2
00000048 F2F3???? R       697             mov r3,op3
0000004C F2F4???? R       698             mov r4,op4
00000050 F2F5???? R       699             mov r5,op5
                          700     
00000054 E6F0???? R       701         mov r0,#MyVar32_1
00000058 E6F1???? R       702             mov r1,#MyVar32_2
0000005C BBD2             703             call cc_UC,add32
                          704     
0000005E BBDA             705             call cc_UC,sub32
                          706     
00000060 E6F0???? R       707             mov r0,#MyVar32_2
00000064 E6F1???? R       708             mov r1,#MyVar32_1
00000068 BBD5             709             call cc_UC,sub32
                          710     
0000006A BBCA             711             Call    MyUp1   
                          712     
                          713     Forever:
                          714     
                          715     
A166 MACRO ASSEMBLER  VORLAGE                                                             05/29/2017 15:56:33 PAGE     3

0000006C 0DFF             716             jmp             Forever
                          717     ;
                          718     ;  Notstop
                          719     ;
0000006E 0DFF             720     StopJetzt:      JMP     StopJetzt
                          721     
                          722     Main            ENDP
                          723     
--------                  724     Programme       ENDS
                          725     ;
                          726     
                          727             END



ASSEMBLY COMPLETE.  0 WARNING(S), 0 ERROR(S)
