Active-HDL 9.1.2353.4205  2016-11-07 13:20:02

Elaboration top modules:
Architecture                  only(test_parity)


---------------------------------------------------------------------------------------------
Entity      | Architecture | Library | Info | Compiler Version         | Compilation Options
---------------------------------------------------------------------------------------------
test_parity | only         | work    |      | 9.1.2353.4205  (Windows) | -O3
Parity      | knf          | work    |      | 9.1.2353.4205  (Windows) | -O3
Not1        | only         | work    |      | 9.1.2353.4205  (Windows) | -O3
Or4         | only         | work    |      | 9.1.2353.4205  (Windows) | -O3
And8        | only         | work    |      | 9.1.2353.4205  (Windows) | -O3
---------------------------------------------------------------------------------------------

---------------------------------------------------------------------------------------------
VHDL Package               | Library | Info | Compiler Version         | Compilation Options
---------------------------------------------------------------------------------------------
standard                   | std     |      |                          | <unavailable>
---------------------------------------------------------------------------------------------

---------------------------------------------------------------------------------------------
Library                    | Comment
---------------------------------------------------------------------------------------------
std                        | Standard VHDL library
work                       | None
---------------------------------------------------------------------------------------------


Simulation Options: vsim +access +r test_parity


The performance of simulation is reduced. Version Lattice Edition
